<?xml version="1.0" encoding="UTF-8"?>
<!-- Generated by org.testng.reporters.JUnitReportReporter -->
<testsuite hostname="Sahil-Chug23" failures="0" tests="1" name="Amazon_Project.Amazon_Project.Testcase4$Testcase3" time="15.013" errors="0" timestamp="2024-11-17T00:05:08 IST" skipped="0">
  <testcase classname="Amazon_Project.Amazon_Project.Testcase4$Testcase3" name="Search_pro" time="15.013"/>
  <system-out/>
</testsuite> <!-- Amazon_Project.Amazon_Project.Testcase4$Testcase3 -->
