<?xml version="1.0" encoding="UTF-8"?>
<!-- Generated by org.testng.reporters.JUnitReportReporter -->
<testsuite hostname="Sahil-Chug23" failures="0" tests="1" name="Amazon_Project.Amazon_Project.Testcase1" time="11.180" errors="0" timestamp="2024-11-16T22:58:21 IST" skipped="0">
  <testcase classname="Amazon_Project.Amazon_Project.Testcase1" name="register_amazon" time="11.180"/>
  <system-out/>
</testsuite> <!-- Amazon_Project.Amazon_Project.Testcase1 -->
