<?xml version="1.0" encoding="UTF-8"?>
<!-- Generated by org.testng.reporters.JUnitReportReporter -->
<testsuite hostname="Sahil-Chug23" failures="0" tests="1" name="Amazon_Project.Amazon_Project.Testcase2" time="9.670" errors="0" timestamp="2024-11-16T23:34:36 IST" skipped="0">
  <testcase classname="Amazon_Project.Amazon_Project.Testcase2" name="amz_login" time="9.670"/>
  <system-out/>
</testsuite> <!-- Amazon_Project.Amazon_Project.Testcase2 -->
