<?xml version="1.0" encoding="UTF-8"?>
<!-- Generated by org.testng.reporters.JUnitReportReporter -->
<testsuite hostname="Sahil-Chug23" failures="0" tests="1" name="Amazon_Project.Amazon_Project.Testcase3" time="7.442" errors="0" timestamp="2024-11-16T23:41:44 IST" skipped="0">
  <testcase classname="Amazon_Project.Amazon_Project.Testcase3" name="incorrect_login" time="7.442"/>
  <system-out/>
</testsuite> <!-- Amazon_Project.Amazon_Project.Testcase3 -->
